2023-03-05 06:27:39,646 p=44237 u=ryananderson n=ansiblelint | Guessed /Users/ryananderson/Documents/cobraden as project root directory
2023-03-05 06:53:48,685 p=47393 u=ryananderson n=ansible | ERROR! input is not vault encrypted data. cobra.vault is not a vault encrypted file for cobra.vault
2023-03-05 06:59:09,823 p=48190 u=ryananderson n=ansiblelint | Guessed /Users/ryananderson/Documents/cobraden as project root directory
2023-03-05 07:00:33,227 p=48547 u=ryananderson n=ansiblelint | Guessed /Users/ryananderson/Documents/cobraden as project root directory
2023-03-05 07:00:34,024 p=48563 u=ryananderson n=ansiblelint | Guessed /Users/ryananderson/Documents/cobraden as project root directory
2023-03-05 07:00:34,024 p=48562 u=ryananderson n=ansiblelint | Guessed /Users/ryananderson/Documents/cobraden as project root directory
2023-03-05 07:00:34,120 p=48565 u=ryananderson n=ansible | [WARNING]: Error in vault password file loading (None): A vault password must
be specified to decrypt data

2023-03-05 07:00:34,196 p=48565 u=ryananderson n=ansible | ERROR! Empty playbook, nothing to do: /Users/ryananderson/Documents/cobraden/playbooks/development/playbook-test.yml
2023-03-05 07:00:35,365 p=48578 u=ryananderson n=ansiblelint | Guessed /Users/ryananderson/Documents/cobraden as project root directory
2023-03-05 07:00:36,117 p=48584 u=ryananderson n=ansible | [WARNING]: Error in vault password file loading (None): A vault password must
be specified to decrypt data

2023-03-05 07:00:36,175 p=48584 u=ryananderson n=ansible | playbook: playbooks/development/playbook-test.yml
2023-03-05 07:00:58,377 p=48771 u=ryananderson n=ansiblelint | Guessed /Users/ryananderson/Documents/cobraden as project root directory
2023-03-05 07:00:59,058 p=48777 u=ryananderson n=ansible | [WARNING]: Error in vault password file loading (None): A vault password must
be specified to decrypt data

2023-03-05 07:00:59,108 p=48777 u=ryananderson n=ansible | playbook: playbooks/development/playbook-test.yml
2023-03-05 07:01:12,537 p=48956 u=ryananderson n=ansiblelint | Guessed /Users/ryananderson/Documents/cobraden as project root directory
2023-03-05 07:01:13,235 p=48962 u=ryananderson n=ansible | [WARNING]: Error in vault password file loading (None): A vault password must
be specified to decrypt data

2023-03-05 07:01:13,284 p=48962 u=ryananderson n=ansible | playbook: playbooks/development/playbook-test.yml
2023-03-05 07:02:31,618 p=49341 u=ryananderson n=ansiblelint | Guessed /Users/ryananderson/Documents/cobraden as project root directory
2023-03-05 07:02:34,901 p=49357 u=ryananderson n=ansiblelint | Guessed /Users/ryananderson/Documents/cobraden as project root directory
2023-03-05 07:02:36,244 p=49364 u=ryananderson n=ansible | playbook: playbooks/development/playbook-test.yml
2023-03-06 08:16:18,550 p=65199 u=ryananderson n=ansiblelint | Guessed /Users/ryananderson/Documents/cobraden as project root directory
2023-03-06 08:21:06,548 p=65811 u=ryananderson n=ansiblelint | Guessed /Users/ryananderson/Documents/cobraden as project root directory
2023-03-06 08:21:06,566 p=65814 u=ryananderson n=ansiblelint | Guessed /Users/ryananderson/Documents/cobraden as project root directory
2023-03-06 08:21:06,776 p=65820 u=ryananderson n=ansiblelint | Guessed /Users/ryananderson/Documents/cobraden as project root directory
2023-03-06 08:21:08,101 p=65832 u=ryananderson n=ansible | ERROR! A malformed block was encountered while loading tasks: {'ansible.builtin.import_playbook': {'playbooks': ['playbook-get-random-users.yml']}} should be a list or None but is <class 'ansible.parsing.yaml.objects.AnsibleMapping'>

The error appears to be in '/Users/ryananderson/Documents/cobraden/playbooks/production/playbook-login-random-users.yml': line 2, column 3, but may
be elsewhere in the file depending on the exact syntax problem.

The offending line appears to be:

---
- name: Create the User List if Needed
  ^ here

